0 info it worked if it ends with ok
1 verbose cli [ '/usr/local/Cellar/node/7.9.0/bin/node',
1 verbose cli   '/usr/local/bin/npm',
1 verbose cli   'install',
1 verbose cli   '-g',
1 verbose cli   'firbase-tools' ]
2 info using npm@2.15.8
3 info using node@v7.9.0
4 verbose install initial load of /usr/local/Cellar/node/7.9.0/lib/package.json
5 verbose readDependencies loading dependencies from /usr/local/Cellar/node/7.9.0/lib/package.json
6 silly cache add args [ 'firbase-tools', null ]
7 verbose cache add spec firbase-tools
8 silly cache add parsed spec Result {
8 silly cache add   raw: 'firbase-tools',
8 silly cache add   scope: null,
8 silly cache add   name: 'firbase-tools',
8 silly cache add   rawSpec: '',
8 silly cache add   spec: 'latest',
8 silly cache add   type: 'tag' }
9 silly addNamed firbase-tools@latest
10 verbose addNamed "latest" is being treated as a dist-tag for firbase-tools
11 info addNameTag [ 'firbase-tools', 'latest' ]
12 silly mapToRegistry name firbase-tools
13 silly mapToRegistry using default registry
14 silly mapToRegistry registry https://registry.npmjs.org/
15 silly mapToRegistry data Result {
15 silly mapToRegistry   raw: 'firbase-tools',
15 silly mapToRegistry   scope: null,
15 silly mapToRegistry   name: 'firbase-tools',
15 silly mapToRegistry   rawSpec: '',
15 silly mapToRegistry   spec: 'latest',
15 silly mapToRegistry   type: 'tag' }
16 silly mapToRegistry uri https://registry.npmjs.org/firbase-tools
17 verbose addNameTag registry:https://registry.npmjs.org/firbase-tools not in flight; fetching
18 verbose request uri https://registry.npmjs.org/firbase-tools
19 verbose request no auth needed
20 info attempt registry request try #1 at 11:24:37 AM
21 verbose request id b81a304fa808c4ec
22 http request GET https://registry.npmjs.org/firbase-tools
23 http 404 https://registry.npmjs.org/firbase-tools
24 verbose headers { 'content-type': 'application/json',
24 verbose headers   'cache-control': 'max-age=0',
24 verbose headers   'content-length': '2',
24 verbose headers   'accept-ranges': 'bytes',
24 verbose headers   date: 'Thu, 18 May 2017 16:24:37 GMT',
24 verbose headers   via: '1.1 varnish',
24 verbose headers   age: '0',
24 verbose headers   connection: 'keep-alive',
24 verbose headers   'x-served-by': 'cache-dfw1827-DFW',
24 verbose headers   'x-cache': 'MISS',
24 verbose headers   'x-cache-hits': '0',
24 verbose headers   'x-timer': 'S1495124678.686380,VS0,VE224',
24 verbose headers   vary: 'Accept-Encoding' }
25 silly get cb [ 404,
25 silly get   { 'content-type': 'application/json',
25 silly get     'cache-control': 'max-age=0',
25 silly get     'content-length': '2',
25 silly get     'accept-ranges': 'bytes',
25 silly get     date: 'Thu, 18 May 2017 16:24:37 GMT',
25 silly get     via: '1.1 varnish',
25 silly get     age: '0',
25 silly get     connection: 'keep-alive',
25 silly get     'x-served-by': 'cache-dfw1827-DFW',
25 silly get     'x-cache': 'MISS',
25 silly get     'x-cache-hits': '0',
25 silly get     'x-timer': 'S1495124678.686380,VS0,VE224',
25 silly get     vary: 'Accept-Encoding' } ]
26 verbose stack Error: Registry returned 404 for GET on https://registry.npmjs.org/firbase-tools
26 verbose stack     at makeError (/usr/local/lib/node_modules/npm/node_modules/npm-registry-client/lib/request.js:264:12)
26 verbose stack     at CachingRegistryClient.<anonymous> (/usr/local/lib/node_modules/npm/node_modules/npm-registry-client/lib/request.js:242:14)
26 verbose stack     at Request._callback (/usr/local/lib/node_modules/npm/node_modules/npm-registry-client/lib/request.js:172:14)
26 verbose stack     at Request.self.callback (/usr/local/lib/node_modules/npm/node_modules/request/request.js:200:22)
26 verbose stack     at emitTwo (events.js:106:13)
26 verbose stack     at Request.emit (events.js:194:7)
26 verbose stack     at Request.<anonymous> (/usr/local/lib/node_modules/npm/node_modules/request/request.js:1067:10)
26 verbose stack     at emitOne (events.js:101:20)
26 verbose stack     at Request.emit (events.js:191:7)
26 verbose stack     at IncomingMessage.<anonymous> (/usr/local/lib/node_modules/npm/node_modules/request/request.js:988:12)
27 verbose statusCode 404
28 verbose pkgid firbase-tools
29 verbose cwd /Users/amandaallen/galvanize/unit-1/Realist
30 error Darwin 15.6.0
31 error argv "/usr/local/Cellar/node/7.9.0/bin/node" "/usr/local/bin/npm" "install" "-g" "firbase-tools"
32 error node v7.9.0
33 error npm  v2.15.8
34 error code E404
35 error 404 Registry returned 404 for GET on https://registry.npmjs.org/firbase-tools
35 error 404
35 error 404 'firbase-tools' is not in the npm registry.
35 error 404 You should bug the author to publish it (or use the name yourself!)
35 error 404
35 error 404 Note that you can also install from a
35 error 404 tarball, folder, http url, or git url.
36 verbose exit [ 1, true ]
